Train data path /home/minhn2/uiuc-kidney-failure/generated_data/egfr_tv_train_data.csv
Test data path /home/minhn2/uiuc-kidney-failure/generated_data/egfr_tv_test_data.csv
Number of patients: test 6842 and train 27365
Number of records: test 96894 and train 385752
Running Optuna hyperparameter optimization
[I 2025-04-13 13:14:12,445] A new study created in memory with name: no-name-07a5f599-b3ba-4a3b-9219-80c17f6e4009
Running trial 0 for ExperimentScenario.TIME_VARIANT on device cuda:3
Train data path /home/minhn2/uiuc-kidney-failure/generated_data/egfr_tv_train_data.csv
Test data path /home/minhn2/uiuc-kidney-failure/generated_data/egfr_tv_test_data.csv
Number of patients: test 6842 and train 27365
Number of records: test 96894 and train 385752
Epoch 1/50
features shape: torch.Size([1, 461, 1]), mask shape: torch.Size([1, 461]), time_to_event shape: torch.Size([1, 1]), event_indicator shape: torch.Size([1, 1]), time_to_events shape: torch.Size([1, 461]), event_indicators shape: torch.Size([1, 461]), sequence lengths shape: torch.Size([1, 1])
x shape: torch.Size([1, 461, 1])
mask shape: torch.Size([1, 461])
lstm_output shape: torch.Size([1, 461, 370])
fc_output shape: torch.Size([1, 461, 185])
context shape: torch.Size([1, 185])
attention_weights shape: torch.Size([1, 461, 1])
x shape after cause_specific_fc: torch.Size([1, 143])
hazard_preds shape: [torch.Size([1, 1825])]
res shape: torch.Size([1, 1, 1825])
